  main.cpp
C:\Program Files\Microsoft Visual Studio\2022\Community\VC\Tools\MSVC\14.39.33519\include\filesystem(12): warning STL4038: The contents of <filesystem> are available only with C++17 or later.
C:\Users\yunso\Desktop\컴그\텀프로젝트\project\CG-TeamPJ\CG-TeamProject\CG-TeamProject\main.cpp(220,51): warning C4267: '인수': 'size_t'에서 '_Ty'(으)로 변환하면서 데이터가 손실될 수 있습니다.
C:\Users\yunso\Desktop\컴그\텀프로젝트\project\CG-TeamPJ\CG-TeamProject\CG-TeamProject\main.cpp(220,51): warning C4267:         with
C:\Users\yunso\Desktop\컴그\텀프로젝트\project\CG-TeamPJ\CG-TeamProject\CG-TeamProject\main.cpp(220,51): warning C4267:         [
C:\Users\yunso\Desktop\컴그\텀프로젝트\project\CG-TeamPJ\CG-TeamProject\CG-TeamProject\main.cpp(220,51): warning C4267:             _Ty=unsigned int
C:\Users\yunso\Desktop\컴그\텀프로젝트\project\CG-TeamPJ\CG-TeamProject\CG-TeamProject\main.cpp(220,51): warning C4267:         ]
C:\Users\yunso\Desktop\컴그\텀프로젝트\project\CG-TeamPJ\CG-TeamProject\CG-TeamProject\main.cpp(221,51): warning C4267: '인수': 'size_t'에서 '_Ty'(으)로 변환하면서 데이터가 손실될 수 있습니다.
C:\Users\yunso\Desktop\컴그\텀프로젝트\project\CG-TeamPJ\CG-TeamProject\CG-TeamProject\main.cpp(221,51): warning C4267:         with
C:\Users\yunso\Desktop\컴그\텀프로젝트\project\CG-TeamPJ\CG-TeamProject\CG-TeamProject\main.cpp(221,51): warning C4267:         [
C:\Users\yunso\Desktop\컴그\텀프로젝트\project\CG-TeamPJ\CG-TeamProject\CG-TeamProject\main.cpp(221,51): warning C4267:             _Ty=unsigned int
C:\Users\yunso\Desktop\컴그\텀프로젝트\project\CG-TeamPJ\CG-TeamProject\CG-TeamProject\main.cpp(221,51): warning C4267:         ]
C:\Users\yunso\Desktop\컴그\텀프로젝트\project\CG-TeamPJ\CG-TeamProject\CG-TeamProject\main.cpp(222,51): warning C4267: '인수': 'size_t'에서 '_Ty'(으)로 변환하면서 데이터가 손실될 수 있습니다.
C:\Users\yunso\Desktop\컴그\텀프로젝트\project\CG-TeamPJ\CG-TeamProject\CG-TeamProject\main.cpp(222,51): warning C4267:         with
C:\Users\yunso\Desktop\컴그\텀프로젝트\project\CG-TeamPJ\CG-TeamProject\CG-TeamProject\main.cpp(222,51): warning C4267:         [
C:\Users\yunso\Desktop\컴그\텀프로젝트\project\CG-TeamPJ\CG-TeamProject\CG-TeamProject\main.cpp(222,51): warning C4267:             _Ty=unsigned int
C:\Users\yunso\Desktop\컴그\텀프로젝트\project\CG-TeamPJ\CG-TeamProject\CG-TeamProject\main.cpp(222,51): warning C4267:         ]
C:\Users\yunso\Desktop\컴그\텀프로젝트\project\CG-TeamPJ\CG-TeamProject\CG-TeamProject\main.cpp(738,59): warning C4267: '인수': 'size_t'에서 'GLsizei'(으)로 변환하면서 데이터가 손실될 수 있습니다.
C:\Users\yunso\Desktop\컴그\텀프로젝트\project\CG-TeamPJ\CG-TeamProject\CG-TeamProject\main.cpp(746,67): warning C4267: '인수': 'size_t'에서 'GLsizei'(으)로 변환하면서 데이터가 손실될 수 있습니다.
C:\Users\yunso\Desktop\컴그\텀프로젝트\project\CG-TeamPJ\CG-TeamProject\CG-TeamProject\main.cpp(754,61): warning C4267: '인수': 'size_t'에서 'GLsizei'(으)로 변환하면서 데이터가 손실될 수 있습니다.
C:\Users\yunso\Desktop\컴그\텀프로젝트\project\CG-TeamPJ\CG-TeamProject\CG-TeamProject\main.cpp(762,58): warning C4267: '인수': 'size_t'에서 'GLsizei'(으)로 변환하면서 데이터가 손실될 수 있습니다.
C:\Users\yunso\Desktop\컴그\텀프로젝트\project\CG-TeamPJ\CG-TeamProject\CG-TeamProject\main.cpp(779,67): warning C4267: '인수': 'size_t'에서 'GLsizei'(으)로 변환하면서 데이터가 손실될 수 있습니다.
C:\Users\yunso\Desktop\컴그\텀프로젝트\project\CG-TeamPJ\CG-TeamProject\CG-TeamProject\main.cpp(786,74): warning C4267: '인수': 'size_t'에서 'GLsizei'(으)로 변환하면서 데이터가 손실될 수 있습니다.
C:\Users\yunso\Desktop\컴그\텀프로젝트\project\CG-TeamPJ\CG-TeamProject\CG-TeamProject\main.cpp(793,70): warning C4267: '인수': 'size_t'에서 'GLsizei'(으)로 변환하면서 데이터가 손실될 수 있습니다.
C:\Users\yunso\Desktop\컴그\텀프로젝트\project\CG-TeamPJ\CG-TeamProject\CG-TeamProject\main.cpp(800,66): warning C4267: '인수': 'size_t'에서 'GLsizei'(으)로 변환하면서 데이터가 손실될 수 있습니다.
C:\Users\yunso\Desktop\컴그\텀프로젝트\project\CG-TeamPJ\CG-TeamProject\CG-TeamProject\main.cpp(807,67): warning C4267: '인수': 'size_t'에서 'GLsizei'(으)로 변환하면서 데이터가 손실될 수 있습니다.
C:\Users\yunso\Desktop\컴그\텀프로젝트\project\CG-TeamPJ\CG-TeamProject\CG-TeamProject\main.cpp(817,70): warning C4267: '인수': 'size_t'에서 'GLsizei'(으)로 변환하면서 데이터가 손실될 수 있습니다.
C:\Users\yunso\Desktop\컴그\텀프로젝트\project\CG-TeamPJ\CG-TeamProject\CG-TeamProject\main.cpp(827,71): warning C4267: '인수': 'size_t'에서 'GLsizei'(으)로 변환하면서 데이터가 손실될 수 있습니다.
C:\Users\yunso\Desktop\컴그\텀프로젝트\project\CG-TeamPJ\CG-TeamProject\CG-TeamProject\main.cpp(837,70): warning C4267: '인수': 'size_t'에서 'GLsizei'(으)로 변환하면서 데이터가 손실될 수 있습니다.
C:\Users\yunso\Desktop\컴그\텀프로젝트\project\CG-TeamPJ\CG-TeamProject\CG-TeamProject\main.cpp(847,71): warning C4267: '인수': 'size_t'에서 'GLsizei'(으)로 변환하면서 데이터가 손실될 수 있습니다.
C:\Users\yunso\Desktop\컴그\텀프로젝트\project\CG-TeamPJ\CG-TeamProject\CG-TeamProject\main.cpp(873,66): warning C4267: '인수': 'size_t'에서 'GLsizei'(으)로 변환하면서 데이터가 손실될 수 있습니다.
C:\Users\yunso\Desktop\컴그\텀프로젝트\project\CG-TeamPJ\CG-TeamProject\CG-TeamProject\main.cpp(880,67): warning C4267: '인수': 'size_t'에서 'GLsizei'(으)로 변환하면서 데이터가 손실될 수 있습니다.
C:\Users\yunso\Desktop\컴그\텀프로젝트\project\CG-TeamPJ\CG-TeamProject\CG-TeamProject\main.cpp(887,67): warning C4267: '인수': 'size_t'에서 'GLsizei'(으)로 변환하면서 데이터가 손실될 수 있습니다.
C:\Users\yunso\Desktop\컴그\텀프로젝트\project\CG-TeamPJ\CG-TeamProject\CG-TeamProject\main.cpp(897,70): warning C4267: '인수': 'size_t'에서 'GLsizei'(으)로 변환하면서 데이터가 손실될 수 있습니다.
C:\Users\yunso\Desktop\컴그\텀프로젝트\project\CG-TeamPJ\CG-TeamProject\CG-TeamProject\main.cpp(907,70): warning C4267: '인수': 'size_t'에서 'GLsizei'(으)로 변환하면서 데이터가 손실될 수 있습니다.
C:\Users\yunso\Desktop\컴그\텀프로젝트\project\CG-TeamPJ\CG-TeamProject\CG-TeamProject\main.cpp(917,71): warning C4267: '인수': 'size_t'에서 'GLsizei'(으)로 변환하면서 데이터가 손실될 수 있습니다.
C:\Users\yunso\Desktop\컴그\텀프로젝트\project\CG-TeamPJ\CG-TeamProject\CG-TeamProject\main.cpp(927,71): warning C4267: '인수': 'size_t'에서 'GLsizei'(으)로 변환하면서 데이터가 손실될 수 있습니다.
C:\Users\yunso\Desktop\컴그\텀프로젝트\project\CG-TeamPJ\CG-TeamProject\CG-TeamProject\main.cpp(934,70): warning C4267: '인수': 'size_t'에서 'GLsizei'(으)로 변환하면서 데이터가 손실될 수 있습니다.
C:\Users\yunso\Desktop\컴그\텀프로젝트\project\CG-TeamPJ\CG-TeamProject\CG-TeamProject\main.cpp(941,66): warning C4267: '인수': 'size_t'에서 'GLsizei'(으)로 변환하면서 데이터가 손실될 수 있습니다.
C:\Users\yunso\Desktop\컴그\텀프로젝트\project\CG-TeamPJ\CG-TeamProject\CG-TeamProject\main.cpp(948,67): warning C4267: '인수': 'size_t'에서 'GLsizei'(으)로 변환하면서 데이터가 손실될 수 있습니다.
C:\Users\yunso\Desktop\컴그\텀프로젝트\project\CG-TeamPJ\CG-TeamProject\CG-TeamProject\main.cpp(1002,58): warning C4267: '인수': 'size_t'에서 'GLsizei'(으)로 변환하면서 데이터가 손실될 수 있습니다.
C:\Users\yunso\Desktop\컴그\텀프로젝트\project\CG-TeamPJ\CG-TeamProject\CG-TeamProject\main.cpp(1010,58): warning C4267: '인수': 'size_t'에서 'GLsizei'(으)로 변환하면서 데이터가 손실될 수 있습니다.
C:\Users\yunso\Desktop\컴그\텀프로젝트\project\CG-TeamPJ\CG-TeamProject\CG-TeamProject\main.cpp(1014,34): warning C4326: 'main'의 반환 형식이 'int'이어야 하는데 'void'입니다.
  CG-TeamProject.vcxproj -> C:\Users\yunso\Desktop\컴그\텀프로젝트\project\CG-TeamPJ\CG-TeamProject\x64\Debug\CG-TeamProject.exe
